<?xml version="1.0" encoding="utf-8"?><testsuites name="pytest tests"><testsuite name="pytest" errors="0" failures="1" skipped="0" tests="35" time="8.189" timestamp="2026-06-17T19:43:32.728653+00:00" hostname="agent-env-2025a3c1-2899-4b76-b7c0-f34965b67182"><testcase classname="test_ssc_backend" name="test_health" time="0.217" /><testcase classname="test_ssc_backend" name="test_username_available[alice_t-True]" time="0.131" /><testcase classname="test_ssc_backend" name="test_username_available[bob_t-True]" time="0.095" /><testcase classname="test_ssc_backend" name="test_username_rejected[ssc_admin]" time="0.117" /><testcase classname="test_ssc_backend" name="test_username_rejected[admin]" time="0.097" /><testcase classname="test_ssc_backend" name="test_username_rejected[ADMIN]" time="0.097" /><testcase classname="test_ssc_backend" name="test_username_rejected[SSC]" time="0.143" /><testcase classname="test_ssc_backend" name="test_username_rejected[ssctest]" time="0.100" /><testcase classname="test_ssc_backend" name="test_username_rejected[fuckyou]" time="0.132" /><testcase classname="test_ssc_backend" name="test_username_rejected[xyz]" time="0.106" /><testcase classname="test_ssc_backend" name="test_username_rejected[noemoji_\U0001f600]" time="0.098" /><testcase classname="test_ssc_backend" name="test_register_alice" time="0.411" /><testcase classname="test_ssc_backend" name="test_register_bob" time="0.415" /><testcase classname="test_ssc_backend" name="test_register_duplicate_email" time="0.179" /><testcase classname="test_ssc_backend" name="test_register_duplicate_username" time="0.166" /><testcase classname="test_ssc_backend" name="test_register_invalid_username" time="0.171" /><testcase classname="test_ssc_backend" name="test_login_success" time="0.322" /><testcase classname="test_ssc_backend" name="test_login_wrong_password" time="0.327" /><testcase classname="test_ssc_backend" name="test_me_with_token" time="0.105" /><testcase classname="test_ssc_backend" name="test_me_without_token" time="0.101" /><testcase classname="test_ssc_backend" name="test_user_search" time="0.103" /><testcase classname="test_ssc_backend" name="test_create_conversation" time="0.203" /><testcase classname="test_ssc_backend" name="test_create_conversation_idempotent" time="0.109" /><testcase classname="test_ssc_backend" name="test_conversation_with_self_rejected" time="0.098" /><testcase classname="test_ssc_backend" name="test_conversation_nonexistent_peer" time="0.098" /><testcase classname="test_ssc_backend" name="test_list_conversations" time="0.107" /><testcase classname="test_ssc_backend" name="test_send_message" time="0.098" /><testcase classname="test_ssc_backend" name="test_list_messages" time="0.107" /><testcase classname="test_ssc_backend" name="test_list_messages_not_participant" time="0.095"><failure message="assert 429 == 200&#10; +  where 429 = &lt;Response [429]&gt;.status_code">backend/tests/test_ssc_backend.py:240: in test_list_messages_not_participant
    assert r.status_code == 200
E   assert 429 == 200
E    +  where 429 = &lt;Response [429]&gt;.status_code</failure></testcase><testcase classname="test_ssc_backend" name="test_translate" time="1.899" /><testcase classname="test_ssc_backend" name="test_file_upload_download" time="0.475" /><testcase classname="test_ssc_backend" name="test_google_session_invalid" time="0.175" /><testcase classname="test_ssc_backend" name="test_websocket_ping_pong_and_typing" time="0.547" /><testcase classname="test_ssc_backend" name="test_messages_ttl_index" time="0.074" /><testcase classname="test_ssc_backend" name="test_panic_wipe" time="0.338" /></testsuite></testsuites>