<?xml version="1.0" encoding="utf-8"?><testsuites name="pytest tests"><testsuite name="pytest" errors="0" failures="0" skipped="0" tests="79" time="58.255" timestamp="2026-06-17T20:25:08.320224+00:00" hostname="agent-env-2025a3c1-2899-4b76-b7c0-f34965b67182"><testcase classname="test_ssc_backend" name="test_health" time="0.268" /><testcase classname="test_ssc_backend" name="test_username_available[alice_t-True]" time="0.110" /><testcase classname="test_ssc_backend" name="test_username_available[bob_t-True]" time="0.105" /><testcase classname="test_ssc_backend" name="test_username_rejected[ssc_admin]" time="0.102" /><testcase classname="test_ssc_backend" name="test_username_rejected[admin]" time="0.142" /><testcase classname="test_ssc_backend" name="test_username_rejected[ADMIN]" time="0.128" /><testcase classname="test_ssc_backend" name="test_username_rejected[SSC]" time="0.166" /><testcase classname="test_ssc_backend" name="test_username_rejected[ssctest]" time="0.096" /><testcase classname="test_ssc_backend" name="test_username_rejected[fuckyou]" time="0.137" /><testcase classname="test_ssc_backend" name="test_username_rejected[xyz]" time="0.101" /><testcase classname="test_ssc_backend" name="test_username_rejected[noemoji_\U0001f600]" time="0.106" /><testcase classname="test_ssc_backend" name="test_register_alice" time="0.421" /><testcase classname="test_ssc_backend" name="test_register_bob" time="0.442" /><testcase classname="test_ssc_backend" name="test_register_duplicate_email" time="0.183" /><testcase classname="test_ssc_backend" name="test_register_duplicate_username" time="0.212" /><testcase classname="test_ssc_backend" name="test_register_invalid_username" time="0.198" /><testcase classname="test_ssc_backend" name="test_login_success" time="0.372" /><testcase classname="test_ssc_backend" name="test_login_wrong_password" time="0.382" /><testcase classname="test_ssc_backend" name="test_me_with_token" time="0.111" /><testcase classname="test_ssc_backend" name="test_me_without_token" time="0.525" /><testcase classname="test_ssc_backend" name="test_user_search" time="0.120" /><testcase classname="test_ssc_backend" name="test_create_conversation" time="0.107" /><testcase classname="test_ssc_backend" name="test_create_conversation_idempotent" time="0.102" /><testcase classname="test_ssc_backend" name="test_conversation_with_self_rejected" time="0.107" /><testcase classname="test_ssc_backend" name="test_conversation_nonexistent_peer" time="0.174" /><testcase classname="test_ssc_backend" name="test_list_conversations" time="0.121" /><testcase classname="test_ssc_backend" name="test_send_message" time="0.118" /><testcase classname="test_ssc_backend" name="test_list_messages" time="0.106" /><testcase classname="test_ssc_backend" name="test_list_messages_not_participant" time="0.506" /><testcase classname="test_ssc_backend" name="test_translate" time="1.518" /><testcase classname="test_ssc_backend" name="test_file_upload_download" time="0.474" /><testcase classname="test_ssc_backend" name="test_google_session_invalid" time="0.186" /><testcase classname="test_ssc_backend" name="test_websocket_ping_pong_and_typing" time="0.472" /><testcase classname="test_ssc_backend" name="test_messages_ttl_index" time="0.095" /><testcase classname="test_ssc_backend" name="test_panic_wipe" time="0.369" /><testcase classname="test_ssc_iteration2" name="test_health_iter2" time="0.151" /><testcase classname="test_ssc_iteration2" name="test_config_endpoint" time="0.134" /><testcase classname="test_ssc_iteration2" name="test_register_three_users" time="1.466" /><testcase classname="test_ssc_iteration2" name="test_turnstile_accepts_any_token" time="0.430" /><testcase classname="test_ssc_iteration2" name="test_2fa_setup_and_verify_and_login" time="0.350" /><testcase classname="test_ssc_iteration2" name="test_2fa_login_without_code_returns_401_with_header" time="0.348" /><testcase classname="test_ssc_iteration2" name="test_2fa_login_with_wrong_code_returns_401" time="0.329" /><testcase classname="test_ssc_iteration2" name="test_2fa_login_with_correct_code_succeeds" time="0.342" /><testcase classname="test_ssc_iteration2" name="test_no_totp_secret_leak_anywhere" time="1.033" /><testcase classname="test_ssc_iteration2" name="test_2fa_disable" time="0.251" /><testcase classname="test_ssc_iteration2" name="test_push_public_key_matches_config" time="0.149" /><testcase classname="test_ssc_iteration2" name="test_push_subscribe_and_unsubscribe" time="0.279" /><testcase classname="test_ssc_iteration2" name="test_group_create_unknown_user_returns_404" time="0.131" /><testcase classname="test_ssc_iteration2" name="test_group_needs_at_least_3_total_members" time="0.131" /><testcase classname="test_ssc_iteration2" name="test_group_create_success" time="0.127" /><testcase classname="test_ssc_iteration2" name="test_create_1on1_for_listing" time="0.128" /><testcase classname="test_ssc_iteration2" name="test_list_conversations_has_both" time="0.111" /><testcase classname="test_ssc_iteration2" name="test_send_group_message_with_multi_keys" time="0.218" /><testcase classname="test_ssc_iteration2" name="test_read_receipts_explicit_and_get" time="0.367" /><testcase classname="test_ssc_iteration2" name="test_read_receipts_implicit_latest" time="0.380" /><testcase classname="test_ssc_iteration2" name="test_ws_forwards_read_receipt" time="1.060" /><testcase classname="test_ssc_iteration2" name="test_zz_rate_limit_register" time="2.394" /><testcase classname="test_ssc_iteration2" name="test_zz_rate_limit_login" time="1.305" /><testcase classname="test_ssc_iteration3" name="test_setup_register_users" time="1.657" /><testcase classname="test_ssc_iteration3" name="test_config_version_03" time="0.103" /><testcase classname="test_ssc_iteration3" name="test_contacts_empty_for_isolated_user" time="0.103" /><testcase classname="test_ssc_iteration3" name="test_contacts_after_dm" time="0.206" /><testcase classname="test_ssc_iteration3" name="test_contacts_dedup_and_group_members" time="0.218" /><testcase classname="test_ssc_iteration3" name="test_message_missing_key_for_peer_rejected" time="0.098" /><testcase classname="test_ssc_iteration3" name="test_message_with_all_keys_accepted_dm" time="0.103" /><testcase classname="test_ssc_iteration3" name="test_message_group_partial_keys_rejected" time="0.109" /><testcase classname="test_ssc_iteration3" name="test_message_group_all_keys_accepted" time="0.099" /><testcase classname="test_ssc_iteration3" name="test_create_status_requires_author_in_keys" time="0.106" /><testcase classname="test_ssc_iteration3" name="test_create_status_success" time="0.121" /><testcase classname="test_ssc_iteration3" name="test_list_statuses_visible_to_viewer" time="0.101" /><testcase classname="test_ssc_iteration3" name="test_list_statuses_hidden_from_non_recipient" time="0.109" /><testcase classname="test_ssc_iteration3" name="test_list_statuses_author_sees_own" time="0.092" /><testcase classname="test_ssc_iteration3" name="test_mark_status_viewed_idempotent" time="0.314" /><testcase classname="test_ssc_iteration3" name="test_mark_status_viewed_no_op_for_non_recipient" time="2.330" /><testcase classname="test_ssc_iteration3" name="test_delete_status_non_author_404" time="11.300" /><testcase classname="test_ssc_iteration3" name="test_delete_status_author_200" time="19.597" /><testcase classname="test_ssc_iteration3" name="test_statuses_ttl_index" time="0.005" /><testcase classname="test_ssc_iteration3" name="test_ws_status_new_notification" time="0.437" /><testcase classname="test_ssc_iteration3" name="test_ws_call_offer_group_passthrough" time="0.404" /></testsuite></testsuites>