<?xml version="1.0" encoding="utf-8"?><testsuites name="pytest tests"><testsuite name="pytest" errors="0" failures="0" skipped="0" tests="58" time="18.579" timestamp="2026-06-17T19:49:04.386340+00:00" hostname="agent-env-2025a3c1-2899-4b76-b7c0-f34965b67182"><testcase classname="test_ssc_backend" name="test_health" time="0.107" /><testcase classname="test_ssc_backend" name="test_username_available[alice_t-True]" time="0.119" /><testcase classname="test_ssc_backend" name="test_username_available[bob_t-True]" time="0.122" /><testcase classname="test_ssc_backend" name="test_username_rejected[ssc_admin]" time="0.120" /><testcase classname="test_ssc_backend" name="test_username_rejected[admin]" time="0.102" /><testcase classname="test_ssc_backend" name="test_username_rejected[ADMIN]" time="0.152" /><testcase classname="test_ssc_backend" name="test_username_rejected[SSC]" time="0.098" /><testcase classname="test_ssc_backend" name="test_username_rejected[ssctest]" time="0.107" /><testcase classname="test_ssc_backend" name="test_username_rejected[fuckyou]" time="0.113" /><testcase classname="test_ssc_backend" name="test_username_rejected[xyz]" time="0.104" /><testcase classname="test_ssc_backend" name="test_username_rejected[noemoji_\U0001f600]" time="0.102" /><testcase classname="test_ssc_backend" name="test_register_alice" time="0.415" /><testcase classname="test_ssc_backend" name="test_register_bob" time="0.388" /><testcase classname="test_ssc_backend" name="test_register_duplicate_email" time="0.162" /><testcase classname="test_ssc_backend" name="test_register_duplicate_username" time="0.173" /><testcase classname="test_ssc_backend" name="test_register_invalid_username" time="0.159" /><testcase classname="test_ssc_backend" name="test_login_success" time="0.321" /><testcase classname="test_ssc_backend" name="test_login_wrong_password" time="0.327" /><testcase classname="test_ssc_backend" name="test_me_with_token" time="0.099" /><testcase classname="test_ssc_backend" name="test_me_without_token" time="0.108" /><testcase classname="test_ssc_backend" name="test_user_search" time="0.113" /><testcase classname="test_ssc_backend" name="test_create_conversation" time="0.103" /><testcase classname="test_ssc_backend" name="test_create_conversation_idempotent" time="0.115" /><testcase classname="test_ssc_backend" name="test_conversation_with_self_rejected" time="0.108" /><testcase classname="test_ssc_backend" name="test_conversation_nonexistent_peer" time="0.098" /><testcase classname="test_ssc_backend" name="test_list_conversations" time="0.107" /><testcase classname="test_ssc_backend" name="test_send_message" time="0.103" /><testcase classname="test_ssc_backend" name="test_list_messages" time="0.109" /><testcase classname="test_ssc_backend" name="test_list_messages_not_participant" time="0.502" /><testcase classname="test_ssc_backend" name="test_translate" time="1.840" /><testcase classname="test_ssc_backend" name="test_file_upload_download" time="0.479" /><testcase classname="test_ssc_backend" name="test_google_session_invalid" time="0.181" /><testcase classname="test_ssc_backend" name="test_websocket_ping_pong_and_typing" time="0.571" /><testcase classname="test_ssc_backend" name="test_messages_ttl_index" time="0.074" /><testcase classname="test_ssc_backend" name="test_panic_wipe" time="0.313" /><testcase classname="test_ssc_iteration2" name="test_health_iter2" time="0.101" /><testcase classname="test_ssc_iteration2" name="test_config_endpoint" time="0.100" /><testcase classname="test_ssc_iteration2" name="test_register_three_users" time="1.207" /><testcase classname="test_ssc_iteration2" name="test_turnstile_accepts_any_token" time="0.389" /><testcase classname="test_ssc_iteration2" name="test_2fa_setup_and_verify_and_login" time="0.319" /><testcase classname="test_ssc_iteration2" name="test_2fa_login_without_code_returns_401_with_header" time="0.340" /><testcase classname="test_ssc_iteration2" name="test_2fa_login_with_wrong_code_returns_401" time="0.333" /><testcase classname="test_ssc_iteration2" name="test_2fa_login_with_correct_code_succeeds" time="0.326" /><testcase classname="test_ssc_iteration2" name="test_no_totp_secret_leak_anywhere" time="0.967" /><testcase classname="test_ssc_iteration2" name="test_2fa_disable" time="0.214" /><testcase classname="test_ssc_iteration2" name="test_push_public_key_matches_config" time="0.097" /><testcase classname="test_ssc_iteration2" name="test_push_subscribe_and_unsubscribe" time="0.199" /><testcase classname="test_ssc_iteration2" name="test_group_create_unknown_user_returns_404" time="0.105" /><testcase classname="test_ssc_iteration2" name="test_group_needs_at_least_3_total_members" time="0.098" /><testcase classname="test_ssc_iteration2" name="test_group_create_success" time="0.111" /><testcase classname="test_ssc_iteration2" name="test_create_1on1_for_listing" time="0.106" /><testcase classname="test_ssc_iteration2" name="test_list_conversations_has_both" time="0.099" /><testcase classname="test_ssc_iteration2" name="test_send_group_message_with_multi_keys" time="0.209" /><testcase classname="test_ssc_iteration2" name="test_read_receipts_explicit_and_get" time="0.330" /><testcase classname="test_ssc_iteration2" name="test_read_receipts_implicit_latest" time="0.341" /><testcase classname="test_ssc_iteration2" name="test_ws_forwards_read_receipt" time="0.973" /><testcase classname="test_ssc_iteration2" name="test_zz_rate_limit_register" time="2.097" /><testcase classname="test_ssc_iteration2" name="test_zz_rate_limit_login" time="1.171" /></testsuite></testsuites>